[2020-07-13T12:09:03.333] [DEBUG] cheese - login => username:admin,password:123456
[2020-07-13T12:09:03.334] [DEBUG] cheese - admin
[2020-07-13T12:09:03.347] [DEBUG] cheese - null
[2020-07-13T12:09:03.348] [DEBUG] cheese - null
[2020-07-15T13:35:51.769] [DEBUG] cheese - login => username:admin,password:123456
[2020-07-15T13:35:51.771] [DEBUG] cheese - admin
[2020-07-15T13:35:51.788] [DEBUG] cheese - null
[2020-07-15T13:35:51.788] [DEBUG] cheese - null
[2020-07-15T13:36:12.290] [DEBUG] cheese - login => username:admin,password:123456
[2020-07-15T13:36:12.290] [DEBUG] cheese - admin
[2020-07-15T13:36:12.292] [DEBUG] cheese - null
[2020-07-15T13:36:12.293] [DEBUG] cheese - null
[2020-07-15T14:56:48.308] [DEBUG] cheese - login => username:admin,password:123456
[2020-07-15T14:56:48.308] [DEBUG] cheese - admin
[2020-07-15T14:56:48.311] [DEBUG] cheese - null
[2020-07-15T14:56:48.311] [DEBUG] cheese - null
[2020-07-15T14:57:02.271] [DEBUG] cheese - login => username:admin,password:123456
[2020-07-15T14:57:02.271] [DEBUG] cheese - admin
[2020-07-15T14:57:02.273] [DEBUG] cheese - null
[2020-07-15T14:57:02.274] [DEBUG] cheese - null
[2020-07-15T14:57:04.798] [DEBUG] cheese - login => username:admin,password:123456
[2020-07-15T14:57:04.798] [DEBUG] cheese - admin
[2020-07-15T14:57:04.801] [DEBUG] cheese - null
[2020-07-15T14:57:04.801] [DEBUG] cheese - null
[2020-07-15T16:09:19.962] [DEBUG] cheese - login => username:admin,password:123456
[2020-07-15T16:09:19.962] [DEBUG] cheese - admin
[2020-07-15T16:09:19.966] [DEBUG] cheese - null
[2020-07-15T16:09:19.966] [DEBUG] cheese - null
[2020-07-15T16:09:41.750] [DEBUG] cheese - login => username:admin,password:123456
[2020-07-15T16:09:41.750] [DEBUG] cheese - admin
[2020-07-15T16:09:41.753] [DEBUG] cheese - null
[2020-07-15T16:09:41.754] [DEBUG] cheese - null
[2020-07-15T16:09:47.463] [DEBUG] cheese - login => username:admin,password:123456
[2020-07-15T16:09:47.463] [DEBUG] cheese - admin
[2020-07-15T16:09:47.465] [DEBUG] cheese - null
[2020-07-15T16:09:47.466] [DEBUG] cheese - null
[2020-07-15T16:10:17.950] [DEBUG] cheese - login => username:admin,password:123456
[2020-07-15T16:10:17.950] [DEBUG] cheese - admin
[2020-07-15T16:10:17.952] [DEBUG] cheese - null
[2020-07-15T16:10:17.952] [DEBUG] cheese - null
[2020-07-16T08:54:17.985] [DEBUG] cheese - login => username:admin,password:123456
[2020-07-16T08:54:17.987] [DEBUG] cheese - admin
[2020-07-16T08:54:18.001] [DEBUG] cheese - null
[2020-07-16T08:54:18.001] [DEBUG] cheese - null
[2020-07-16T09:15:37.092] [DEBUG] cheese - login => username:admin,password:123456
[2020-07-16T09:15:37.094] [DEBUG] cheese - admin
[2020-07-16T09:15:37.097] [DEBUG] cheese - null
[2020-07-16T09:15:37.097] [DEBUG] cheese - null
[2020-07-16T09:16:43.305] [DEBUG] cheese - login => username:admin,password:123456
[2020-07-16T09:16:43.305] [DEBUG] cheese - admin
[2020-07-16T09:16:43.309] [DEBUG] cheese - null
[2020-07-16T09:16:43.309] [DEBUG] cheese - null
[2020-07-16T09:30:02.608] [DEBUG] cheese - login => username:admin,password:123456
[2020-07-16T09:30:02.609] [DEBUG] cheese - admin
[2020-07-16T09:30:02.611] [DEBUG] cheese - null
[2020-07-16T09:30:02.611] [DEBUG] cheese - null
[2020-07-16T09:30:26.279] [DEBUG] cheese - login => username:admin,password:123456
[2020-07-16T09:30:26.279] [DEBUG] cheese - admin
[2020-07-16T09:30:26.282] [DEBUG] cheese - null
[2020-07-16T09:30:26.282] [DEBUG] cheese - null
[2020-07-16T09:31:03.070] [DEBUG] cheese - login => username:admin,password:123456
[2020-07-16T09:31:03.070] [DEBUG] cheese - admin
[2020-07-16T09:31:03.073] [DEBUG] cheese - null
[2020-07-16T09:31:03.073] [DEBUG] cheese - null
[2020-07-16T09:31:09.646] [DEBUG] cheese - login => username:admin,password:123456
[2020-07-16T09:31:09.647] [DEBUG] cheese - admin
[2020-07-16T09:31:09.649] [DEBUG] cheese - null
[2020-07-16T09:31:09.649] [DEBUG] cheese - null
[2020-07-16T09:31:25.231] [DEBUG] cheese - login => username:admin,password:123456
[2020-07-16T09:31:25.231] [DEBUG] cheese - admin
[2020-07-16T09:31:25.235] [DEBUG] cheese - null
[2020-07-16T09:31:25.235] [DEBUG] cheese - null
[2020-07-16T09:31:45.396] [DEBUG] cheese - login => username:admin,password:123456
[2020-07-16T09:31:45.396] [DEBUG] cheese - admin
[2020-07-16T09:31:45.399] [DEBUG] cheese - null
[2020-07-16T09:31:45.399] [DEBUG] cheese - null
[2020-07-16T09:31:50.752] [DEBUG] cheese - login => username:admin,password:123456
[2020-07-16T09:31:50.752] [DEBUG] cheese - admin
[2020-07-16T09:31:50.754] [DEBUG] cheese - null
[2020-07-16T09:31:50.754] [DEBUG] cheese - null
[2020-07-16T09:32:26.210] [DEBUG] cheese - login => username:admin,password:123456
[2020-07-16T09:32:26.210] [DEBUG] cheese - admin
[2020-07-16T09:32:26.212] [DEBUG] cheese - null
[2020-07-16T09:32:26.212] [DEBUG] cheese - null
[2020-07-16T09:32:39.710] [DEBUG] cheese - login => username:admin,password:123456
[2020-07-16T09:32:39.710] [DEBUG] cheese - admin
[2020-07-16T09:32:39.712] [DEBUG] cheese - null
[2020-07-16T09:32:39.712] [DEBUG] cheese - null
[2020-07-16T09:32:58.255] [DEBUG] cheese - login => username:admin,password:123456
[2020-07-16T09:32:58.255] [DEBUG] cheese - admin
[2020-07-16T09:32:58.258] [DEBUG] cheese - null
[2020-07-16T09:32:58.258] [DEBUG] cheese - null
[2020-07-16T09:33:10.739] [DEBUG] cheese - login => username:admin,password:123456
[2020-07-16T09:33:10.739] [DEBUG] cheese - admin
[2020-07-16T09:33:10.746] [DEBUG] cheese - null
[2020-07-16T09:33:10.746] [DEBUG] cheese - null
[2020-07-16T17:04:33.296] [DEBUG] cheese - login => username:admin,password:123456
[2020-07-16T17:04:33.300] [DEBUG] cheese - admin
[2020-07-16T17:04:33.310] [DEBUG] cheese - null
[2020-07-16T17:04:33.311] [DEBUG] cheese - null
[2020-07-27T14:31:43.858] [DEBUG] cheese - login => username:admin,password:123456
[2020-07-27T14:31:43.861] [DEBUG] cheese - admin
[2020-07-27T14:31:43.878] [DEBUG] cheese - null
[2020-07-27T14:31:43.879] [DEBUG] cheese - null
[2020-07-28T15:19:32.361] [DEBUG] cheese - login => username:admin,password:123456
[2020-07-28T15:19:32.363] [DEBUG] cheese - admin
[2020-07-28T15:19:32.374] [DEBUG] cheese - null
[2020-07-28T15:19:32.375] [DEBUG] cheese - null
[2020-08-03T09:31:43.697] [DEBUG] cheese - login => username:admin,password:123456
[2020-08-03T09:31:43.699] [DEBUG] cheese - admin
[2020-08-03T09:31:43.795] [DEBUG] cheese - null
[2020-08-03T09:31:43.796] [DEBUG] cheese - null
[2020-08-03T09:35:08.264] [DEBUG] cheese - login => username:admin,password:123456
[2020-08-03T09:35:08.264] [DEBUG] cheese - admin
[2020-08-03T09:35:08.272] [DEBUG] cheese - null
[2020-08-03T09:35:08.272] [DEBUG] cheese - null
[2020-08-21T14:24:42.356] [DEBUG] cheese - login => username:admin,password:123456
[2020-08-21T14:24:42.358] [DEBUG] cheese - admin
[2020-08-21T14:24:42.376] [DEBUG] cheese - null
[2020-08-21T14:24:42.376] [DEBUG] cheese - null
[2020-08-26T09:17:08.048] [DEBUG] cheese - login => username:admin,password:123456
[2020-08-26T09:17:08.049] [DEBUG] cheese - admin
[2020-08-26T09:17:08.066] [DEBUG] cheese - null
[2020-08-26T09:17:08.067] [DEBUG] cheese - null
[2020-08-27T10:57:27.773] [DEBUG] cheese - login => username:admin,password:123456
[2020-08-27T10:57:27.776] [DEBUG] cheese - admin
[2020-08-27T10:57:27.810] [DEBUG] cheese - null
[2020-08-27T10:57:27.811] [DEBUG] cheese - null
[2020-08-28T13:11:07.657] [DEBUG] cheese - login => username:admin,password:123456
[2020-08-28T13:11:07.659] [DEBUG] cheese - admin
[2020-08-28T13:11:07.674] [DEBUG] cheese - null
[2020-08-28T13:11:07.675] [DEBUG] cheese - null
[2020-08-28T14:39:50.375] [DEBUG] cheese - login => username:admin,password:123456
[2020-08-28T14:39:50.378] [DEBUG] cheese - admin
[2020-08-28T14:39:50.395] [DEBUG] cheese - null
[2020-08-28T14:39:50.395] [DEBUG] cheese - null
[2020-08-28T14:45:01.926] [DEBUG] cheese - login => username:admin,password:1234561
[2020-08-28T14:45:01.926] [DEBUG] cheese - admin
[2020-08-28T14:45:01.933] [DEBUG] cheese - null
[2020-08-28T14:45:01.933] [DEBUG] cheese - null
[2020-08-28T14:45:06.210] [DEBUG] cheese - login => username:admin,password:123456
[2020-08-28T14:45:06.211] [DEBUG] cheese - admin
[2020-08-28T14:45:06.214] [DEBUG] cheese - null
[2020-08-28T14:45:06.214] [DEBUG] cheese - null
[2020-08-28T14:59:24.132] [DEBUG] cheese - login => username:admin,password:123456
[2020-08-28T14:59:24.132] [DEBUG] cheese - admin
[2020-08-28T14:59:24.136] [DEBUG] cheese - null
[2020-08-28T14:59:24.136] [DEBUG] cheese - null
[2020-08-31T17:12:24.351] [DEBUG] cheese - login => username:admin,password:123456
[2020-08-31T17:12:24.354] [DEBUG] cheese - admin
[2020-08-31T17:12:24.390] [DEBUG] cheese - null
[2020-08-31T17:12:24.390] [DEBUG] cheese - null
[2020-09-01T08:31:59.987] [DEBUG] cheese - login => username:admin,password:123456
[2020-09-01T08:31:59.989] [DEBUG] cheese - admin
[2020-09-01T08:32:00.108] [DEBUG] cheese - null
[2020-09-01T08:32:00.109] [DEBUG] cheese - null
[2020-09-01T08:32:25.016] [DEBUG] cheese - login => username:admin,password:123456
[2020-09-01T08:32:25.016] [DEBUG] cheese - admin
[2020-09-01T08:32:25.019] [DEBUG] cheese - null
[2020-09-01T08:32:25.019] [DEBUG] cheese - null
[2020-09-01T09:04:25.880] [DEBUG] cheese - null
[2021-01-04T13:55:34.437] [DEBUG] cheese - login => username:admin,password:123456
[2021-01-04T13:55:34.439] [DEBUG] cheese - admin
[2021-01-04T13:55:34.456] [DEBUG] cheese - null
[2021-01-04T13:55:34.456] [DEBUG] cheese - null
[2021-01-04T13:56:02.633] [DEBUG] cheese - login => username:admin,password:123456
[2021-01-04T13:56:02.633] [DEBUG] cheese - admin
[2021-01-04T13:56:02.641] [DEBUG] cheese - null
[2021-01-04T13:56:02.641] [DEBUG] cheese - null
[2021-01-04T13:58:45.652] [DEBUG] cheese - login => username:admin,password:123456
[2021-01-04T13:58:45.652] [DEBUG] cheese - admin
[2021-01-04T13:58:45.659] [DEBUG] cheese - null
[2021-01-04T13:58:45.659] [DEBUG] cheese - null
[2021-01-04T13:58:50.008] [DEBUG] cheese - login => username:admin,password:123456
[2021-01-04T13:58:50.008] [DEBUG] cheese - admin
[2021-01-04T13:58:50.014] [DEBUG] cheese - null
[2021-01-04T13:58:50.014] [DEBUG] cheese - null
[2021-01-04T13:59:59.195] [DEBUG] cheese - login => username:admin,password:123456
[2021-01-04T13:59:59.195] [DEBUG] cheese - admin
[2021-01-04T13:59:59.199] [DEBUG] cheese - null
[2021-01-04T13:59:59.199] [DEBUG] cheese - null
[2021-01-04T14:00:43.310] [DEBUG] cheese - login => username:admin,password:123456
[2021-01-04T14:00:43.310] [DEBUG] cheese - admin
[2021-01-04T14:00:43.313] [DEBUG] cheese - null
[2021-01-04T14:00:43.313] [DEBUG] cheese - null
[2021-01-04T14:01:09.255] [DEBUG] cheese - login => username:admin,password:123456
[2021-01-04T14:01:09.255] [DEBUG] cheese - admin
[2021-01-04T14:01:09.257] [DEBUG] cheese - null
[2021-01-04T14:01:09.257] [DEBUG] cheese - null
[2021-01-04T14:13:10.894] [DEBUG] cheese - login => username:admin,password:123456
[2021-01-04T14:13:10.894] [DEBUG] cheese - admin
[2021-01-04T14:13:10.899] [DEBUG] cheese - null
[2021-01-04T14:13:10.899] [DEBUG] cheese - null
[2021-01-05T09:31:59.231] [DEBUG] cheese - login => username:a,password:123
[2021-01-05T09:31:59.234] [DEBUG] cheese - a
[2021-01-05T09:31:59.247] [DEBUG] cheese - null
[2021-01-05T09:31:59.247] [DEBUG] cheese - null
[2021-01-05T09:32:54.577] [DEBUG] cheese - login => username:admin,password:123456
[2021-01-05T09:32:54.577] [DEBUG] cheese - admin
[2021-01-05T09:32:54.583] [DEBUG] cheese - null
[2021-01-05T09:32:54.583] [DEBUG] cheese - null
[2021-01-05T16:20:52.445] [DEBUG] cheese - login => username:123,password:123
[2021-01-05T16:20:52.452] [DEBUG] cheese - 123
[2021-01-05T16:20:52.599] [DEBUG] cheese - null
[2021-01-05T16:20:52.600] [DEBUG] cheese - null
[2021-01-05T16:21:02.917] [DEBUG] cheese - login => username:admin,password:1123
[2021-01-05T16:21:02.917] [DEBUG] cheese - admin
[2021-01-05T16:21:02.935] [DEBUG] cheese - null
[2021-01-05T16:21:02.935] [DEBUG] cheese - null
[2021-01-05T16:21:07.253] [DEBUG] cheese - login => username:admin,password:1123456
[2021-01-05T16:21:07.253] [DEBUG] cheese - admin
[2021-01-05T16:21:07.255] [DEBUG] cheese - null
[2021-01-05T16:21:07.256] [DEBUG] cheese - null
[2021-01-05T16:21:13.553] [DEBUG] cheese - login => username:admin,password:123456
[2021-01-05T16:21:13.553] [DEBUG] cheese - admin
[2021-01-05T16:21:13.555] [DEBUG] cheese - null
[2021-01-05T16:21:13.555] [DEBUG] cheese - null
[2021-01-05T16:21:24.930] [DEBUG] cheese - login => username:admin,password:123456
[2021-01-05T16:21:24.930] [DEBUG] cheese - admin
[2021-01-05T16:21:24.933] [DEBUG] cheese - null
[2021-01-05T16:21:24.933] [DEBUG] cheese - null
[2021-01-05T16:21:27.912] [DEBUG] cheese - login => username:admin,password:123456
[2021-01-05T16:21:27.912] [DEBUG] cheese - admin
[2021-01-05T16:21:27.918] [DEBUG] cheese - null
[2021-01-05T16:21:27.918] [DEBUG] cheese - null
[2021-01-05T16:21:29.973] [DEBUG] cheese - login => username:admin,password:123456
[2021-01-05T16:21:29.973] [DEBUG] cheese - admin
[2021-01-05T16:21:29.981] [DEBUG] cheese - null
[2021-01-05T16:21:29.981] [DEBUG] cheese - null
[2021-01-05T16:35:59.856] [DEBUG] cheese - login => username:admin,password:123
[2021-01-05T16:35:59.857] [DEBUG] cheese - admin
[2021-01-05T16:35:59.874] [DEBUG] cheese - null
[2021-01-05T16:35:59.874] [DEBUG] cheese - null
[2021-01-05T16:36:04.313] [DEBUG] cheese - login => username:admin,password:123456
[2021-01-05T16:36:04.313] [DEBUG] cheese - admin
[2021-01-05T16:36:04.319] [DEBUG] cheese - null
[2021-01-05T16:36:04.319] [DEBUG] cheese - null
[2021-01-05T16:40:34.013] [DEBUG] cheese - login => username:123,password:123
[2021-01-05T16:40:34.013] [DEBUG] cheese - 123
[2021-01-05T16:40:34.023] [DEBUG] cheese - null
[2021-01-05T16:40:34.023] [DEBUG] cheese - null
[2021-01-05T16:59:48.610] [DEBUG] cheese - login => username:admin,password:123
[2021-01-05T16:59:48.610] [DEBUG] cheese - admin
[2021-01-05T16:59:48.623] [DEBUG] cheese - null
[2021-01-05T16:59:48.624] [DEBUG] cheese - null
[2021-01-05T16:59:54.326] [DEBUG] cheese - login => username:admin,password:123456
[2021-01-05T16:59:54.327] [DEBUG] cheese - admin
[2021-01-05T16:59:54.329] [DEBUG] cheese - null
[2021-01-05T16:59:54.329] [DEBUG] cheese - null
[2021-01-05T17:17:44.418] [DEBUG] cheese - login => username:admin,password:123456
[2021-01-05T17:17:44.419] [DEBUG] cheese - admin
[2021-01-05T17:17:44.430] [DEBUG] cheese - null
[2021-01-05T17:17:44.430] [DEBUG] cheese - null
[2021-01-05T17:22:18.777] [DEBUG] cheese - login => username:123,password:123
[2021-01-05T17:22:18.777] [DEBUG] cheese - 123
[2021-01-05T17:22:18.790] [DEBUG] cheese - null
[2021-01-05T17:22:18.791] [DEBUG] cheese - null
[2021-01-05T17:23:33.294] [DEBUG] cheese - login => username:admin,password:123456
[2021-01-05T17:23:33.295] [DEBUG] cheese - admin
[2021-01-05T17:23:33.299] [DEBUG] cheese - null
[2021-01-05T17:23:33.299] [DEBUG] cheese - null
[2021-01-05T17:31:52.208] [DEBUG] cheese - login => username:admin,password:1234565
[2021-01-05T17:31:52.208] [DEBUG] cheese - admin
[2021-01-05T17:31:52.215] [DEBUG] cheese - null
[2021-01-05T17:31:52.215] [DEBUG] cheese - null
[2021-01-05T17:31:57.398] [DEBUG] cheese - login => username:admin,password:123456
[2021-01-05T17:31:57.398] [DEBUG] cheese - admin
[2021-01-05T17:31:57.402] [DEBUG] cheese - null
[2021-01-05T17:31:57.402] [DEBUG] cheese - null
[2021-01-05T17:32:28.773] [DEBUG] cheese - login => username:admin,password:123456
[2021-01-05T17:32:28.773] [DEBUG] cheese - admin
[2021-01-05T17:32:28.779] [DEBUG] cheese - null
[2021-01-05T17:32:28.780] [DEBUG] cheese - null
[2021-01-05T17:36:44.648] [DEBUG] cheese - login => username:admin,password:123456
[2021-01-05T17:36:44.648] [DEBUG] cheese - admin
[2021-01-05T17:36:44.655] [DEBUG] cheese - null
[2021-01-05T17:36:44.655] [DEBUG] cheese - null
[2021-01-05T18:20:16.800] [DEBUG] cheese - login => username:admin,password:123456
[2021-01-05T18:20:16.800] [DEBUG] cheese - admin
[2021-01-05T18:20:16.807] [DEBUG] cheese - null
[2021-01-05T18:20:16.809] [DEBUG] cheese - null
[2021-01-05T18:22:00.783] [DEBUG] cheese - login => username:admin,password:123456
[2021-01-05T18:22:00.783] [DEBUG] cheese - admin
[2021-01-05T18:22:00.785] [DEBUG] cheese - null
[2021-01-05T18:22:00.785] [DEBUG] cheese - null
[2021-01-05T18:23:45.177] [DEBUG] cheese - login => username:admin,password:123456
[2021-01-05T18:23:45.177] [DEBUG] cheese - admin
[2021-01-05T18:23:45.179] [DEBUG] cheese - null
[2021-01-05T18:23:45.180] [DEBUG] cheese - null
[2021-01-06T08:41:34.659] [DEBUG] cheese - login => username:admin,password:123
[2021-01-06T08:41:34.659] [DEBUG] cheese - admin
[2021-01-06T08:41:34.676] [DEBUG] cheese - null
[2021-01-06T08:41:34.676] [DEBUG] cheese - null
[2021-01-06T08:41:39.156] [DEBUG] cheese - login => username:admin,password:123
[2021-01-06T08:41:39.156] [DEBUG] cheese - admin
[2021-01-06T08:41:39.165] [DEBUG] cheese - null
[2021-01-06T08:41:39.165] [DEBUG] cheese - null
[2021-01-06T08:41:45.354] [DEBUG] cheese - login => username:admin,password:123456
[2021-01-06T08:41:45.355] [DEBUG] cheese - admin
[2021-01-06T08:41:45.361] [DEBUG] cheese - null
[2021-01-06T08:41:45.361] [DEBUG] cheese - null
[2021-01-06T08:45:26.967] [DEBUG] cheese - login => username:admin,password:admin
[2021-01-06T08:45:26.967] [DEBUG] cheese - admin
[2021-01-06T08:45:27.002] [DEBUG] cheese - null
[2021-01-06T08:45:27.002] [DEBUG] cheese - null
[2021-01-06T08:45:37.063] [DEBUG] cheese - login => username:admin,password:123456
[2021-01-06T08:45:37.063] [DEBUG] cheese - admin
[2021-01-06T08:45:37.066] [DEBUG] cheese - null
[2021-01-06T08:45:37.066] [DEBUG] cheese - null
[2021-01-06T08:48:22.269] [DEBUG] cheese - login => username:admin,password:123456
[2021-01-06T08:48:22.269] [DEBUG] cheese - admin
[2021-01-06T08:48:22.289] [DEBUG] cheese - null
[2021-01-06T08:48:22.289] [DEBUG] cheese - null
[2021-01-06T08:48:48.036] [DEBUG] cheese - login => username:admin,password:123456
[2021-01-06T08:48:48.037] [DEBUG] cheese - admin
[2021-01-06T08:48:48.040] [DEBUG] cheese - null
[2021-01-06T08:48:48.041] [DEBUG] cheese - null
[2021-01-06T08:49:31.922] [DEBUG] cheese - login => username:admin,password:123456
[2021-01-06T08:49:31.922] [DEBUG] cheese - admin
[2021-01-06T08:49:31.927] [DEBUG] cheese - null
[2021-01-06T08:49:31.927] [DEBUG] cheese - null
[2021-01-06T08:50:54.539] [DEBUG] cheese - login => username:admin,password:123456
[2021-01-06T08:50:54.539] [DEBUG] cheese - admin
[2021-01-06T08:50:54.544] [DEBUG] cheese - null
[2021-01-06T08:50:54.544] [DEBUG] cheese - null
[2021-01-06T08:53:42.200] [DEBUG] cheese - login => username:admin,password:123456
[2021-01-06T08:53:42.201] [DEBUG] cheese - admin
[2021-01-06T08:53:42.217] [DEBUG] cheese - null
[2021-01-06T08:53:42.217] [DEBUG] cheese - null
[2021-01-06T09:48:04.532] [DEBUG] cheese - login => username:admin,password:123456
[2021-01-06T09:48:04.532] [DEBUG] cheese - admin
[2021-01-06T09:48:04.547] [DEBUG] cheese - null
[2021-01-06T09:48:04.547] [DEBUG] cheese - null
[2021-01-06T10:33:04.033] [DEBUG] cheese - login => username:admin,password:123456
[2021-01-06T10:33:04.036] [DEBUG] cheese - admin
[2021-01-06T10:33:04.065] [DEBUG] cheese - null
[2021-01-06T10:33:04.066] [DEBUG] cheese - null
[2021-01-06T11:06:05.002] [DEBUG] cheese - login => username:admin,password:123456
[2021-01-06T11:06:05.002] [DEBUG] cheese - admin
[2021-01-06T11:06:05.029] [DEBUG] cheese - null
[2021-01-06T11:06:05.029] [DEBUG] cheese - null
[2021-01-06T13:46:03.103] [DEBUG] cheese - login => username:admin,password:123456
[2021-01-06T13:46:03.104] [DEBUG] cheese - admin
[2021-01-06T13:46:03.122] [DEBUG] cheese - null
[2021-01-06T13:46:03.122] [DEBUG] cheese - null
[2021-01-06T13:46:12.123] [DEBUG] cheese - login => username:admin,password:123456
[2021-01-06T13:46:12.123] [DEBUG] cheese - admin
[2021-01-06T13:46:12.128] [DEBUG] cheese - null
[2021-01-06T13:46:12.128] [DEBUG] cheese - null
[2021-01-06T13:46:20.440] [DEBUG] cheese - login => username:admin,password:123456
[2021-01-06T13:46:20.440] [DEBUG] cheese - admin
[2021-01-06T13:46:20.444] [DEBUG] cheese - null
[2021-01-06T13:46:20.445] [DEBUG] cheese - null
[2021-01-06T13:46:26.450] [DEBUG] cheese - login => username:admin,password:123456
[2021-01-06T13:46:26.451] [DEBUG] cheese - admin
[2021-01-06T13:46:26.458] [DEBUG] cheese - null
[2021-01-06T13:46:26.459] [DEBUG] cheese - null
[2021-01-06T17:36:53.573] [DEBUG] cheese - login => username:admin,password:123456
[2021-01-06T17:36:53.574] [DEBUG] cheese - admin
[2021-01-06T17:36:53.575] [DEBUG] cheese - null
[2021-01-06T17:36:53.575] [DEBUG] cheese - null
[2021-01-06T18:02:37.198] [DEBUG] cheese - login => username:admin,password:123456
[2021-01-06T18:02:37.198] [DEBUG] cheese - admin
[2021-01-06T18:02:37.214] [DEBUG] cheese - null
[2021-01-06T18:02:37.214] [DEBUG] cheese - null
[2021-01-07T14:07:35.692] [DEBUG] cheese - login => username:admin,password:123456
[2021-01-07T14:07:35.693] [DEBUG] cheese - admin
[2021-01-07T14:07:35.699] [DEBUG] cheese - null
[2021-01-07T14:07:35.699] [DEBUG] cheese - null
[2021-01-07T14:08:04.256] [DEBUG] cheese - login => username:admin,password:123456
[2021-01-07T14:08:04.257] [DEBUG] cheese - admin
[2021-01-07T14:08:04.263] [DEBUG] cheese - null
[2021-01-07T14:08:04.263] [DEBUG] cheese - null
[2021-01-07T14:08:27.791] [DEBUG] cheese - login => username:admin,password:123456
[2021-01-07T14:08:27.792] [DEBUG] cheese - admin
[2021-01-07T14:08:27.794] [DEBUG] cheese - null
[2021-01-07T14:08:27.794] [DEBUG] cheese - null
[2021-01-07T14:08:39.979] [DEBUG] cheese - login => username:admin,password:123456
[2021-01-07T14:08:39.979] [DEBUG] cheese - admin
[2021-01-07T14:08:39.982] [DEBUG] cheese - null
[2021-01-07T14:08:39.983] [DEBUG] cheese - null
[2021-01-07T14:09:29.972] [DEBUG] cheese - login => username:admin,password:123456
[2021-01-07T14:09:29.972] [DEBUG] cheese - admin
[2021-01-07T14:09:29.975] [DEBUG] cheese - null
[2021-01-07T14:09:29.976] [DEBUG] cheese - null
[2021-01-07T15:47:48.790] [DEBUG] cheese - login => username:admin,password:123456
[2021-01-07T15:47:48.790] [DEBUG] cheese - admin
[2021-01-07T15:47:48.800] [DEBUG] cheese - null
[2021-01-07T15:47:48.800] [DEBUG] cheese - null
[2021-01-07T17:29:33.673] [DEBUG] cheese - login => username:admin,password:123456
[2021-01-07T17:29:33.673] [DEBUG] cheese - admin
[2021-01-07T17:29:33.676] [DEBUG] cheese - null
[2021-01-07T17:29:33.676] [DEBUG] cheese - null
[2021-01-08T10:45:42.323] [DEBUG] cheese - login => username:yjs,password:yjs
[2021-01-08T10:45:42.330] [DEBUG] cheese - yjs
[2021-01-08T10:45:42.337] [DEBUG] cheese - null
[2021-01-08T10:45:42.337] [DEBUG] cheese - null
[2021-01-08T10:45:51.354] [DEBUG] cheese - login => username:wj,password:wj
[2021-01-08T10:45:51.354] [DEBUG] cheese - wj
[2021-01-08T10:45:51.356] [DEBUG] cheese - null
[2021-01-08T10:45:51.357] [DEBUG] cheese - null
[2021-01-08T10:45:59.507] [DEBUG] cheese - login => username:admin,password:123456
[2021-01-08T10:45:59.507] [DEBUG] cheese - admin
[2021-01-08T10:45:59.509] [DEBUG] cheese - null
[2021-01-08T10:45:59.509] [DEBUG] cheese - null
[2021-01-11T08:43:28.013] [DEBUG] cheese - login => username:admin,password:123456
[2021-01-11T08:43:28.014] [DEBUG] cheese - admin
[2021-01-11T08:43:28.052] [DEBUG] cheese - null
[2021-01-11T08:43:28.054] [DEBUG] cheese - null
[2021-01-11T09:02:30.986] [DEBUG] cheese - login => username:admin,password:123456
[2021-01-11T09:02:30.989] [DEBUG] cheese - admin
[2021-01-11T09:02:31.001] [DEBUG] cheese - null
[2021-01-11T09:02:31.001] [DEBUG] cheese - null
[2021-01-11T17:15:43.853] [DEBUG] cheese - login => username:admin,password:123456
[2021-01-11T17:15:43.857] [DEBUG] cheese - admin
[2021-01-11T17:15:43.863] [DEBUG] cheese - null
[2021-01-11T17:15:43.864] [DEBUG] cheese - null
[2021-01-12T08:39:54.338] [DEBUG] cheese - login => username:admin,password:123456
[2021-01-12T08:39:54.338] [DEBUG] cheese - admin
[2021-01-12T08:39:54.346] [DEBUG] cheese - null
[2021-01-12T08:39:54.346] [DEBUG] cheese - null
[2021-01-12T10:57:22.431] [DEBUG] cheese - login => username:admin,password:123456
[2021-01-12T10:57:22.432] [DEBUG] cheese - admin
[2021-01-12T10:57:22.437] [DEBUG] cheese - null
[2021-01-12T10:57:22.438] [DEBUG] cheese - null
[2021-01-13T08:43:23.780] [DEBUG] cheese - login => username:admin,password:123456
[2021-01-13T08:43:23.782] [DEBUG] cheese - admin
[2021-01-13T08:43:23.789] [DEBUG] cheese - null
[2021-01-13T08:43:23.789] [DEBUG] cheese - null
[2021-01-13T13:53:44.188] [DEBUG] cheese - login => username:admin,password:123456
[2021-01-13T13:53:44.189] [DEBUG] cheese - admin
[2021-01-13T13:53:44.193] [DEBUG] cheese - null
[2021-01-13T13:53:44.193] [DEBUG] cheese - null
[2021-01-14T08:35:09.135] [DEBUG] cheese - login => username:admin,password:123456
[2021-01-14T08:35:09.138] [DEBUG] cheese - admin
[2021-01-14T08:35:09.162] [DEBUG] cheese - null
[2021-01-14T08:35:09.162] [DEBUG] cheese - null
[2021-01-14T08:35:14.419] [DEBUG] cheese - login => username:admin,password:123456
[2021-01-14T08:35:14.419] [DEBUG] cheese - admin
[2021-01-14T08:35:14.431] [DEBUG] cheese - null
[2021-01-14T08:35:14.431] [DEBUG] cheese - null
[2021-01-14T16:36:23.862] [DEBUG] cheese - null
[2021-01-14T16:38:21.516] [DEBUG] cheese - null
[2021-01-14T16:40:10.219] [DEBUG] cheese - null
[2021-01-14T16:40:26.699] [DEBUG] cheese - null
[2021-01-14T16:40:30.131] [DEBUG] cheese - null
[2021-01-15T08:48:18.346] [DEBUG] cheese - login => username:admin,password:123456
[2021-01-15T08:48:18.353] [DEBUG] cheese - admin
[2021-01-15T08:48:18.389] [DEBUG] cheese - null
[2021-01-15T08:48:18.389] [DEBUG] cheese - null
[2021-01-15T08:48:23.944] [DEBUG] cheese - login => username:admin,password:123456
[2021-01-15T08:48:23.945] [DEBUG] cheese - admin
[2021-01-15T08:48:23.951] [DEBUG] cheese - null
[2021-01-15T08:48:23.951] [DEBUG] cheese - null
[2021-01-15T16:58:24.058] [DEBUG] cheese - null
[2021-01-15T16:58:30.020] [DEBUG] cheese - null
[2021-01-15T16:58:34.110] [DEBUG] cheese - null
[2021-01-15T16:58:39.235] [DEBUG] cheese - null
[2021-01-20T09:16:03.219] [DEBUG] cheese - login => username:admin,password:123456
[2021-01-20T09:16:03.221] [DEBUG] cheese - admin
[2021-01-20T09:16:03.281] [DEBUG] cheese - null
[2021-01-20T09:16:03.281] [DEBUG] cheese - null
[2021-01-20T09:50:03.817] [DEBUG] cheese - login => username:1,password:1
[2021-01-20T09:50:03.818] [DEBUG] cheese - 1
[2021-01-20T09:50:03.827] [DEBUG] cheese - null
[2021-01-20T09:50:03.827] [DEBUG] cheese - null
[2021-01-20T09:50:19.286] [DEBUG] cheese - login => username:admin,password:123
[2021-01-20T09:50:19.287] [DEBUG] cheese - admin
[2021-01-20T09:50:19.291] [DEBUG] cheese - null
[2021-01-20T09:50:19.291] [DEBUG] cheese - null
[2021-01-20T09:50:32.047] [DEBUG] cheese - login => username:admin,password:123456
[2021-01-20T09:50:32.047] [DEBUG] cheese - admin
[2021-01-20T09:50:32.050] [DEBUG] cheese - null
[2021-01-20T09:50:32.051] [DEBUG] cheese - null
[2021-01-20T10:15:01.920] [DEBUG] cheese - login => username:admin,password:123456
[2021-01-20T10:15:01.920] [DEBUG] cheese - admin
[2021-01-20T10:15:01.926] [DEBUG] cheese - null
[2021-01-20T10:15:01.926] [DEBUG] cheese - null
[2021-01-20T11:59:36.537] [DEBUG] cheese - login => username:admin,password:123456
[2021-01-20T11:59:36.548] [DEBUG] cheese - admin
[2021-01-20T11:59:36.590] [DEBUG] cheese - null
[2021-01-20T11:59:36.590] [DEBUG] cheese - null
[2021-01-21T09:52:38.826] [DEBUG] cheese - login => username:admin,password:123456
[2021-01-21T09:52:38.835] [DEBUG] cheese - admin
[2021-01-21T09:52:39.035] [DEBUG] cheese - null
[2021-01-21T09:52:39.035] [DEBUG] cheese - null
[2021-01-21T12:12:53.138] [DEBUG] cheese - login => username:admin,password:123456
[2021-01-21T12:12:53.148] [DEBUG] cheese - admin
[2021-01-21T12:12:53.170] [DEBUG] cheese - null
[2021-01-21T12:12:53.171] [DEBUG] cheese - null
[2021-01-22T14:07:30.986] [DEBUG] cheese - login => username:admin,password:123456
[2021-01-22T14:07:30.987] [DEBUG] cheese - admin
[2021-01-22T14:07:31.022] [DEBUG] cheese - null
[2021-01-22T14:07:31.023] [DEBUG] cheese - null
